<?xml version="1.0" encoding="UTF-8"?>
<!-- Generated by org.testng.reporters.JUnitXMLReporter -->
<testsuite ignored="0" hostname="US107559WIN" failures="0" tests="1" name="Test" time="0.083" errors="0" timestamp="2021-07-28T15:14:00 EEST">
  <testcase classname="com.bottomline.common.Fundamental" name="@BeforeClass beforeClass" time="0.025">
    <failure type="java.lang.NoSuchMethodError" message="&amp;apos;org.openqa.selenium.chrome.ChromeOptions org.openqa.selenium.chrome.ChromeOptions.addArguments(java.lang.String[])&amp;apos;">
      <![CDATA[java.lang.NoSuchMethodError: 'org.openqa.selenium.chrome.ChromeOptions org.openqa.selenium.chrome.ChromeOptions.addArguments(java.lang.String[])'
at com.bottomline.common.WebDriverFactory.GetDriver(WebDriverFactory.java:36)
at com.bottomline.common.WebDriverFactory.Create(WebDriverFactory.java:19)
at com.bottomline.common.Fundamental.beforeClass(Fundamental.java:16)
at java.base/java.util.ArrayList.forEach(ArrayList.java:1511)
... Removed 29 stack frames]]>
    </failure>
  </testcase> <!-- @BeforeClass beforeClass -->
  <testcase classname="com.bottomline.common.Fundamental" name="@AfterClass afterClass" time="-1.627474440766E9">
    <skipped/>
  </testcase> <!-- @AfterClass afterClass -->
  <testcase classname="com.bottomline.tests.AccountCRUD" name="Add" time="0.0">
    <skipped/>
  </testcase> <!-- Add -->
</testsuite> <!-- Test -->
