<?xml version="1.0" encoding="UTF-8"?>
<testsuite xmlns:xsi="http://www.w3.org/2001/XMLSchema-instance" xsi:noNamespaceSchemaLocation="https://maven.apache.org/surefire/maven-surefire-plugin/xsd/surefire-test-report-3.0.xsd" version="3.0" name="TestSuite" time="0.915" tests="3" errors="0" skipped="2" failures="1">
  <properties>
[...]
</properties>
  <testcase name="beforeClass" classname="com.bottomline.tests.AccountCRUD" time="0.567">
    <failure message="&apos;org.openqa.selenium.chrome.ChromeOptions org.openqa.selenium.chrome.ChromeOptions.addArguments(java.lang.String[])&apos;" type="java.lang.NoSuchMethodError"><![CDATA[java.lang.NoSuchMethodError: 'org.openqa.selenium.chrome.ChromeOptions org.openqa.selenium.chrome.ChromeOptions.addArguments(java.lang.String[])'
]]></failure>
    <system-out><![CDATA[[Configuration] [WARN] Detected a static method [com.bottomline.common.Fundamental.beforeClass()]. Static configuration methods can cause  unexpected behavior.
[Configuration] [WARN] Detected a static method [com.bottomline.common.Fundamental.afterClass()]. Static configuration methods can cause  unexpected behavior.
]]></system-out>
  </testcase>
  <testcase name="Add[Term Account, Account id, Bank number, Account name, USD, Account number, IBAN13376969, Active, Suntrust, RIO CONDOS, Cash Account, Manchester Branch, Austria GmbH 123, Project Star Nordic](1)" classname="com.bottomline.tests.AccountCRUD" time="0">
    <skipped message="&apos;org.openqa.selenium.chrome.ChromeOptions org.openqa.selenium.chrome.ChromeOptions.addArguments(java.lang.String[])&apos;"/>
  </testcase>
  <testcase name="afterClass" classname="com.bottomline.tests.AccountCRUD" time="0">
    <skipped/>
  </testcase>
</testsuite>