<?xml version="1.0" encoding="UTF-8"?>
<!-- Generated by org.testng.reporters.JUnitXMLReporter -->
<testsuite ignored="0" hostname="US107559WIN" failures="0" tests="3" name="Account" time="58.136" errors="0" timestamp="2021-08-10T11:47:23 EEST">
  <testcase classname="com.bottomline.tests.AccountGroupLabelsCRUD" name="Add" time="18.359"/>
  <testcase classname="com.bottomline.tests.AccountGroupLabelsCRUD" name="Edit" time="13.099"/>
  <testcase classname="com.bottomline.tests.AccountGroupLabelsCRUD" name="Delete" time="13.911"/>
</testsuite> <!-- Account -->
