<?xml version="1.0" encoding="UTF-8"?>
<!-- Generated by org.testng.reporters.JUnitXMLReporter -->
<testsuite ignored="0" hostname="US107559WIN" failures="0" tests="3" name="Account Group Labels" time="68.587" errors="0" timestamp="2021-08-10T16:53:09 EEST">
  <testcase classname="com.bottomline.tests.AccountGroupLabelsCRUD" name="Add" time="28.19"/>
  <testcase classname="com.bottomline.tests.AccountGroupLabelsCRUD" name="Edit" time="13.618"/>
  <testcase classname="com.bottomline.tests.AccountGroupLabelsCRUD" name="Delete" time="13.975"/>
</testsuite> <!-- Account Group Labels -->
