<?xml version="1.0" encoding="UTF-8"?>
<!-- Generated by org.testng.reporters.JUnitXMLReporter -->
<testsuite ignored="0" hostname="US107559WIN" failures="0" tests="3" name="Account Group" time="77.672" errors="0" timestamp="2021-08-10T16:52:01 EEST">
  <testcase classname="com.bottomline.tests.AccountGroupsCRUD" name="Add" time="34.624"/>
  <testcase classname="com.bottomline.tests.AccountGroupsCRUD" name="Edit" time="13.931"/>
  <testcase classname="com.bottomline.tests.AccountGroupsCRUD" name="Delete" time="14.007"/>
</testsuite> <!-- Account Group -->
