<?xml version="1.0" encoding="UTF-8"?>
<!-- Generated by org.testng.reporters.JUnitXMLReporter -->
<testsuite ignored="0" hostname="US107559WIN" failures="0" tests="3" name="Account Labels" time="74.105" errors="0" timestamp="2021-08-10T17:28:24 EEST">
  <testcase classname="com.bottomline.tests.AccountLabelsCRUD" name="Add" time="28.467"/>
  <testcase classname="com.bottomline.tests.AccountLabelsCRUD" name="Edit" time="18.532"/>
  <testcase classname="com.bottomline.tests.AccountLabelsCRUD" name="Delete" time="13.929"/>
</testsuite> <!-- Account Labels -->
